#
# There is insufficient memory for the Java Runtime Environment to continue.
# Native memory allocation (mmap) failed to map 357892096 bytes for committing reserved memory.
# Possible reasons:
#   The system is out of physical RAM or swap space
#   In 32 bit mode, the process size limit was hit
# Possible solutions:
#   Reduce memory load on the system
#   Increase physical memory or swap space
#   Check if swap backing store is full
#   Use 64 bit Java on a 64 bit OS
#   Decrease Java heap size (-Xmx/-Xms)
#   Decrease number of Java threads
#   Decrease Java thread stack sizes (-Xss)
#   Set larger code cache with -XX:ReservedCodeCacheSize=
# This output file may be truncated or incomplete.
#
#  Out of Memory Error (os_linux.cpp:2673), pid=9158, tid=3064175424
#
# JRE version:  (8.0_45-b14) (build )
# Java VM: Java HotSpot(TM) Client VM (25.45-b02 mixed mode, sharing linux-x86 )
# Failed to write core dump. Core dumps have been disabled. To enable core dumping, try "ulimit -c unlimited" before starting Java again
#

---------------  T H R E A D  ---------------

Current thread (0xb6807400):  JavaThread "Unknown thread" [_thread_in_vm, id=9201, stack(0xb69e9000,0xb6a3a000)]

Stack: [0xb69e9000,0xb6a3a000],  sp=0xb6a38af0,  free space=318k
Native frames: (J=compiled Java code, j=interpreted, Vv=VM code, C=native code)
V  [libjvm.so+0x5ae67f]  VMError::report_and_die()+0x16f
V  [libjvm.so+0x206315]  report_vm_out_of_memory(char const*, int, unsigned int, VMErrorType, char const*)+0x55
V  [libjvm.so+0x4930d6]  os::Linux::commit_memory_impl(char*, unsigned int, bool)+0xe6
V  [libjvm.so+0x4934f8]  os::pd_commit_memory(char*, unsigned int, unsigned int, bool)+0x28
V  [libjvm.so+0x48cc1c]  os::commit_memory(char*, unsigned int, unsigned int, bool)+0x2c
V  [libjvm.so+0x5aa61c]  VirtualSpace::expand_by(unsigned int, bool)+0x20c
V  [libjvm.so+0x5ab03d]  VirtualSpace::initialize(ReservedSpace, unsigned int)+0xbd
V  [libjvm.so+0x29375d]  Generation::Generation(ReservedSpace, unsigned int, int)+0x7d
V  [libjvm.so+0x20b08e]  DefNewGeneration::DefNewGeneration(ReservedSpace, unsigned int, int, char const*)+0x2e
V  [libjvm.so+0x294a9e]  GenerationSpec::init(ReservedSpace, int, GenRemSet*)+0x1ee
V  [libjvm.so+0x28724e]  GenCollectedHeap::initialize()+0x17e
V  [libjvm.so+0x57df5d]  Universe::initialize_heap()+0xcd
V  [libjvm.so+0x57e293]  universe_init()+0x23
V  [libjvm.so+0x2b7375]  init_globals()+0x55
V  [libjvm.so+0x56f2cb]  Threads::create_vm(JavaVMInitArgs*, bool*)+0x24b
V  [libjvm.so+0x33166c]  JNI_CreateJavaVM+0x5c
C  [libjli.so+0x6e28]  JavaMain+0x98
C  [libpthread.so.0+0x6f70]  start_thread+0xd0
C  [libc.so.6+0xebbee]  clone+0x5e


---------------  P R O C E S S  ---------------

Java Threads: ( => current thread )

Other Threads:

=>0xb6807400 (exited) JavaThread "Unknown thread" [_thread_in_vm, id=9201, stack(0xb69e9000,0xb6a3a000)]

VM state:not at safepoint (not fully initialized)

VM Mutex/Monitor currently owned by a thread: None

GC Heap History (0 events):
No events

Deoptimization events (0 events):
No events

Internal exceptions (0 events):
No events

Events (0 events):
No events


Dynamic libraries:
08048000-08049000 r-xp 00000000 08:01 673478     /usr/lib/jvm/java-8-oracle/jre/bin/java
08049000-0804a000 rw-p 00000000 08:01 673478     /usr/lib/jvm/java-8-oracle/jre/bin/java
09263000-09284000 rw-p 00000000 00:00 0          [heap]
743ff000-745ff000 ---p 00000000 00:00 0 
745ff000-74600000 rw-p 00000000 00:00 0 
89b50000-b4600000 ---p 00000000 00:00 0 
b460d000-b4781000 rw-p 00000000 00:00 0 
b4781000-b4800000 ---p 00000000 00:00 0 
b4800000-b4828000 rwxp 00000000 00:00 0 
b4828000-b6800000 ---p 00000000 00:00 0 
b6800000-b6821000 rw-p 00000000 00:00 0 
b6821000-b6900000 ---p 00000000 00:00 0 
b6952000-b696b000 r-xp 00000000 08:01 673728     /usr/lib/jvm/java-8-oracle/jre/lib/i386/libzip.so
b696b000-b696c000 rw-p 00018000 08:01 673728     /usr/lib/jvm/java-8-oracle/jre/lib/i386/libzip.so
b696c000-b6977000 r-xp 00000000 08:01 1724845    /lib/i386-linux-gnu/libnss_files-2.19.so
b6977000-b6978000 r--p 0000a000 08:01 1724845    /lib/i386-linux-gnu/libnss_files-2.19.so
b6978000-b6979000 rw-p 0000b000 08:01 1724845    /lib/i386-linux-gnu/libnss_files-2.19.so
b6979000-b6983000 r-xp 00000000 08:01 1724831    /lib/i386-linux-gnu/libnss_nis-2.19.so
b6983000-b6984000 r--p 00009000 08:01 1724831    /lib/i386-linux-gnu/libnss_nis-2.19.so
b6984000-b6985000 rw-p 0000a000 08:01 1724831    /lib/i386-linux-gnu/libnss_nis-2.19.so
b6985000-b699a000 r-xp 00000000 08:01 1724832    /lib/i386-linux-gnu/libnsl-2.19.so
b699a000-b699b000 r--p 00015000 08:01 1724832    /lib/i386-linux-gnu/libnsl-2.19.so
b699b000-b699c000 rw-p 00016000 08:01 1724832    /lib/i386-linux-gnu/libnsl-2.19.so
b699c000-b699e000 rw-p 00000000 00:00 0 
b699e000-b69a5000 r-xp 00000000 08:01 1724837    /lib/i386-linux-gnu/libnss_compat-2.19.so
b69a5000-b69a6000 r--p 00006000 08:01 1724837    /lib/i386-linux-gnu/libnss_compat-2.19.so
b69a6000-b69a7000 rw-p 00007000 08:01 1724837    /lib/i386-linux-gnu/libnss_compat-2.19.so
b69b3000-b69bb000 rw-s 00000000 08:01 395160     /tmp/hsperfdata_root/9158
b69bb000-b69df000 r-xp 00000000 08:01 673739     /usr/lib/jvm/java-8-oracle/jre/lib/i386/libjava.so
b69df000-b69e0000 rw-p 00023000 08:01 673739     /usr/lib/jvm/java-8-oracle/jre/lib/i386/libjava.so
b69e0000-b69e7000 r-xp 00000000 08:01 1724846    /lib/i386-linux-gnu/librt-2.19.so
b69e7000-b69e8000 r--p 00006000 08:01 1724846    /lib/i386-linux-gnu/librt-2.19.so
b69e8000-b69e9000 rw-p 00007000 08:01 1724846    /lib/i386-linux-gnu/librt-2.19.so
b69e9000-b69ec000 ---p 00000000 00:00 0 
b69ec000-b6a3a000 rw-p 00000000 00:00 0          [stack:9201]
b6a3a000-b6a7e000 r-xp 00000000 08:01 1724836    /lib/i386-linux-gnu/libm-2.19.so
b6a7e000-b6a7f000 r--p 00043000 08:01 1724836    /lib/i386-linux-gnu/libm-2.19.so
b6a7f000-b6a80000 rw-p 00044000 08:01 1724836    /lib/i386-linux-gnu/libm-2.19.so
b6a80000-b70c5000 r-xp 00000000 08:01 673742     /usr/lib/jvm/java-8-oracle/jre/lib/i386/client/libjvm.so
b70c5000-b70ea000 rw-p 00644000 08:01 673742     /usr/lib/jvm/java-8-oracle/jre/lib/i386/client/libjvm.so
b70ea000-b750e000 rw-p 00000000 00:00 0 
b750e000-b76b6000 r-xp 00000000 08:01 1724013    /lib/i386-linux-gnu/libc-2.19.so
b76b6000-b76b8000 r--p 001a8000 08:01 1724013    /lib/i386-linux-gnu/libc-2.19.so
b76b8000-b76b9000 rw-p 001aa000 08:01 1724013    /lib/i386-linux-gnu/libc-2.19.so
b76b9000-b76bc000 rw-p 00000000 00:00 0 
b76bc000-b76bf000 r-xp 00000000 08:01 1724038    /lib/i386-linux-gnu/libdl-2.19.so
b76bf000-b76c0000 r--p 00002000 08:01 1724038    /lib/i386-linux-gnu/libdl-2.19.so
b76c0000-b76c1000 rw-p 00003000 08:01 1724038    /lib/i386-linux-gnu/libdl-2.19.so
b76c1000-b76c2000 rw-p 00000000 00:00 0 
b76c2000-b76d6000 r-xp 00000000 08:01 673770     /usr/lib/jvm/java-8-oracle/jre/lib/i386/jli/libjli.so
b76d6000-b76d7000 rw-p 00014000 08:01 673770     /usr/lib/jvm/java-8-oracle/jre/lib/i386/jli/libjli.so
b76d7000-b76ef000 r-xp 00000000 08:01 1724841    /lib/i386-linux-gnu/libpthread-2.19.so
b76ef000-b76f0000 r--p 00018000 08:01 1724841    /lib/i386-linux-gnu/libpthread-2.19.so
b76f0000-b76f1000 rw-p 00019000 08:01 1724841    /lib/i386-linux-gnu/libpthread-2.19.so
b76f1000-b76f3000 rw-p 00000000 00:00 0 
b76f6000-b76fa000 rw-p 00000000 00:00 0 
b76fa000-b76fb000 r--p 00000000 00:00 0 
b76fb000-b7706000 r-xp 00000000 08:01 673753     /usr/lib/jvm/java-8-oracle/jre/lib/i386/libverify.so
b7706000-b7707000 rw-p 0000b000 08:01 673753     /usr/lib/jvm/java-8-oracle/jre/lib/i386/libverify.so
b7707000-b7709000 rw-p 00000000 00:00 0 
b7709000-b770a000 r-xp 00000000 00:00 0          [vdso]
b770a000-b770c000 r--p 00000000 00:00 0          [vvar]
b770c000-b772c000 r-xp 00000000 08:01 1724830    /lib/i386-linux-gnu/ld-2.19.so
b772c000-b772d000 r--p 0001f000 08:01 1724830    /lib/i386-linux-gnu/ld-2.19.so
b772d000-b772e000 rw-p 00020000 08:01 1724830    /lib/i386-linux-gnu/ld-2.19.so
bfaed000-bfaee000 rwxp 00000000 00:00 0 
bfb20000-bfb41000 rw-p 00000000 00:00 0          [stack]

VM Arguments:
jvm_args: -Dactivator.home=/usr/local/bin -Xms1024m -Xmx1024m -XX:MetaspaceSize=64m -XX:MaxMetaspaceSize=256m -Dhttp.nonProxyHost="localhost|127.0.0.1" 
java_command: /usr/local/bin/activator-launch-1.3.2.jar
java_class_path (initial): /usr/local/bin/activator-launch-1.3.2.jar
Launcher Type: SUN_STANDARD

Environment Variables:
PATH=/usr/local/sbin:/usr/local/bin:/usr/sbin:/usr/bin:/sbin:/bin
USERNAME=root
SHELL=/bin/bash
DISPLAY=:0

Signal Handlers:
SIGSEGV: [libjvm.so+0x5af150], sa_mask[0]=11111111011111111101111111111110, sa_flags=SA_RESTART|SA_SIGINFO
SIGBUS: [libjvm.so+0x5af150], sa_mask[0]=11111111011111111101111111111110, sa_flags=SA_RESTART|SA_SIGINFO
SIGFPE: [libjvm.so+0x48fc00], sa_mask[0]=11111111011111111101111111111110, sa_flags=SA_RESTART|SA_SIGINFO
SIGPIPE: [libjvm.so+0x48fc00], sa_mask[0]=11111111011111111101111111111110, sa_flags=SA_RESTART|SA_SIGINFO
SIGXFSZ: [libjvm.so+0x48fc00], sa_mask[0]=11111111011111111101111111111110, sa_flags=SA_RESTART|SA_SIGINFO
SIGILL: [libjvm.so+0x48fc00], sa_mask[0]=11111111011111111101111111111110, sa_flags=SA_RESTART|SA_SIGINFO
SIGUSR1: SIG_DFL, sa_mask[0]=00000000000000000000000000000000, sa_flags=none
SIGUSR2: [libjvm.so+0x491190], sa_mask[0]=00000000000000000000000000000000, sa_flags=SA_RESTART|SA_SIGINFO
SIGHUP: SIG_DFL, sa_mask[0]=00000000000000000000000000000000, sa_flags=none
SIGINT: SIG_DFL, sa_mask[0]=00000000000000000000000000000000, sa_flags=none
SIGTERM: SIG_DFL, sa_mask[0]=00000000000000000000000000000000, sa_flags=none
SIGQUIT: SIG_DFL, sa_mask[0]=00000000000000000000000000000000, sa_flags=none


---------------  S Y S T E M  ---------------

OS:DISTRIB_ID=Ubuntu
DISTRIB_RELEASE=14.04
DISTRIB_CODENAME=trusty
DISTRIB_DESCRIPTION="Ubuntu 14.04.2 LTS"

uname:Linux 3.16.0-34-generic #47~14.04.1-Ubuntu SMP Fri Apr 10 17:49:51 UTC 2015 i686
libc:glibc 2.19 NPTL 2.19 
rlimit: STACK 8192k, CORE 0k, NPROC 15937, NOFILE 4096, AS infinity
load average:0.15 0.11 0.17

/proc/meminfo:
MemTotal:        2059528 kB
MemFree:          139620 kB
MemAvailable:     218136 kB
Buffers:           12104 kB
Cached:           471356 kB
SwapCached:            0 kB
Active:          1485616 kB
Inactive:         363104 kB
Active(anon):    1366704 kB
Inactive(anon):   271148 kB
Active(file):     118912 kB
Inactive(file):    91956 kB
Unevictable:          48 kB
Mlocked:              48 kB
HighTotal:       1179336 kB
HighFree:          31184 kB
LowTotal:         880192 kB
LowFree:          108436 kB
SwapTotal:             0 kB
SwapFree:              0 kB
Dirty:               332 kB
Writeback:             0 kB
AnonPages:       1365300 kB
Mapped:           127760 kB
Shmem:            272600 kB
Slab:              32124 kB
SReclaimable:      14880 kB
SUnreclaim:        17244 kB
KernelStack:        3736 kB
PageTables:        14104 kB
NFS_Unstable:          0 kB
Bounce:                0 kB
WritebackTmp:          0 kB
CommitLimit:     1029764 kB
Committed_AS:    5206836 kB
VmallocTotal:     122880 kB
VmallocUsed:       17064 kB
VmallocChunk:      93000 kB
AnonHugePages:    798720 kB
HugePages_Total:       0
HugePages_Free:        0
HugePages_Rsvd:        0
HugePages_Surp:        0
Hugepagesize:       2048 kB
DirectMap4k:       26616 kB
DirectMap2M:      882688 kB


CPU:total 1 (1 cores per cpu, 1 threads per core) family 6 model 22 stepping 1, cmov, cx8, fxsr, mmx, sse, sse2, sse3, ssse3, tsc

/proc/cpuinfo:
processor	: 0
vendor_id	: GenuineIntel
cpu family	: 6
model		: 22
model name	: Intel(R) Celeron(R) CPU          560  @ 2.13GHz
stepping	: 1
microcode	: 0x33
cpu MHz		: 2127.928
cache size	: 1024 KB
physical id	: 0
siblings	: 1
core id		: 0
cpu cores	: 1
apicid		: 0
initial apicid	: 0
fdiv_bug	: no
f00f_bug	: no
coma_bug	: no
fpu		: yes
fpu_exception	: yes
cpuid level	: 10
wp		: yes
flags		: fpu vme de pse tsc msr pae mce cx8 apic sep mtrr pge mca cmov pat pse36 clflush dts acpi mmx fxsr sse sse2 ss tm pbe nx lm constant_tsc arch_perfmon pebs bts aperfmperf pni dtes64 monitor ds_cpl tm2 ssse3 cx16 xtpr pdcm lahf_lm dtherm
bogomips	: 4255.85
clflush size	: 64
cache_alignment	: 64
address sizes	: 36 bits physical, 48 bits virtual
power management:



Memory: 4k page, physical 2059528k(139620k free), swap 0k(0k free)

vm_info: Java HotSpot(TM) Client VM (25.45-b02) for linux-x86 JRE (1.8.0_45-b14), built on Apr 10 2015 10:42:51 by "java_re" with gcc 4.3.0 20080428 (Red Hat 4.3.0-8)

time: Sun Apr 19 01:17:25 2015
elapsed time: 0 seconds (0d 0h 0m 0s)

