#
# There is insufficient memory for the Java Runtime Environment to continue.
# Native memory allocation (mmap) failed to map 357892096 bytes for committing reserved memory.
# Possible reasons:
#   The system is out of physical RAM or swap space
#   In 32 bit mode, the process size limit was hit
# Possible solutions:
#   Reduce memory load on the system
#   Increase physical memory or swap space
#   Check if swap backing store is full
#   Use 64 bit Java on a 64 bit OS
#   Decrease Java heap size (-Xmx/-Xms)
#   Decrease number of Java threads
#   Decrease Java thread stack sizes (-Xss)
#   Set larger code cache with -XX:ReservedCodeCacheSize=
# This output file may be truncated or incomplete.
#
#  Out of Memory Error (os_linux.cpp:2673), pid=9109, tid=3064560448
#
# JRE version:  (8.0_45-b14) (build )
# Java VM: Java HotSpot(TM) Client VM (25.45-b02 mixed mode, sharing linux-x86 )
# Failed to write core dump. Core dumps have been disabled. To enable core dumping, try "ulimit -c unlimited" before starting Java again
#

---------------  T H R E A D  ---------------

Current thread (0xb6907400):  JavaThread "Unknown thread" [_thread_in_vm, id=9155, stack(0xb6a47000,0xb6a98000)]

Stack: [0xb6a47000,0xb6a98000],  sp=0xb6a96af0,  free space=318k
Native frames: (J=compiled Java code, j=interpreted, Vv=VM code, C=native code)
V  [libjvm.so+0x5ae67f]  VMError::report_and_die()+0x16f
V  [libjvm.so+0x206315]  report_vm_out_of_memory(char const*, int, unsigned int, VMErrorType, char const*)+0x55
V  [libjvm.so+0x4930d6]  os::Linux::commit_memory_impl(char*, unsigned int, bool)+0xe6
V  [libjvm.so+0x4934f8]  os::pd_commit_memory(char*, unsigned int, unsigned int, bool)+0x28
V  [libjvm.so+0x48cc1c]  os::commit_memory(char*, unsigned int, unsigned int, bool)+0x2c
V  [libjvm.so+0x5aa61c]  VirtualSpace::expand_by(unsigned int, bool)+0x20c
V  [libjvm.so+0x5ab03d]  VirtualSpace::initialize(ReservedSpace, unsigned int)+0xbd
V  [libjvm.so+0x29375d]  Generation::Generation(ReservedSpace, unsigned int, int)+0x7d
V  [libjvm.so+0x20b08e]  DefNewGeneration::DefNewGeneration(ReservedSpace, unsigned int, int, char const*)+0x2e
V  [libjvm.so+0x294a9e]  GenerationSpec::init(ReservedSpace, int, GenRemSet*)+0x1ee
V  [libjvm.so+0x28724e]  GenCollectedHeap::initialize()+0x17e
V  [libjvm.so+0x57df5d]  Universe::initialize_heap()+0xcd
V  [libjvm.so+0x57e293]  universe_init()+0x23
V  [libjvm.so+0x2b7375]  init_globals()+0x55
V  [libjvm.so+0x56f2cb]  Threads::create_vm(JavaVMInitArgs*, bool*)+0x24b
V  [libjvm.so+0x33166c]  JNI_CreateJavaVM+0x5c
C  [libjli.so+0x6e28]  JavaMain+0x98
C  [libpthread.so.0+0x6f70]  start_thread+0xd0
C  [libc.so.6+0xebbee]  clone+0x5e


---------------  P R O C E S S  ---------------

Java Threads: ( => current thread )

Other Threads:

=>0xb6907400 (exited) JavaThread "Unknown thread" [_thread_in_vm, id=9155, stack(0xb6a47000,0xb6a98000)]

VM state:not at safepoint (not fully initialized)

VM Mutex/Monitor currently owned by a thread: None

GC Heap History (0 events):
No events

Deoptimization events (0 events):
No events

Internal exceptions (0 events):
No events

Events (0 events):
No events


Dynamic libraries:
08048000-08049000 r-xp 00000000 08:01 673478     /usr/lib/jvm/java-8-oracle/jre/bin/java
08049000-0804a000 rw-p 00000000 08:01 673478     /usr/lib/jvm/java-8-oracle/jre/bin/java
08b23000-08b44000 rw-p 00000000 00:00 0          [heap]
745ff000-747ff000 ---p 00000000 00:00 0 
747ff000-74800000 rw-p 00000000 00:00 0 
89bdd000-89d50000 rw-p 00000000 00:00 0 
89d50000-b4800000 ---p 00000000 00:00 0 
b482b000-b482c000 rw-p 00000000 00:00 0 
b482c000-b48ab000 ---p 00000000 00:00 0 
b48ab000-b48d3000 rwxp 00000000 00:00 0 
b48d3000-b68ab000 ---p 00000000 00:00 0 
b68ab000-b68c4000 r-xp 00000000 08:01 673728     /usr/lib/jvm/java-8-oracle/jre/lib/i386/libzip.so
b68c4000-b68c5000 rw-p 00018000 08:01 673728     /usr/lib/jvm/java-8-oracle/jre/lib/i386/libzip.so
b68c5000-b68d0000 r-xp 00000000 08:01 1724845    /lib/i386-linux-gnu/libnss_files-2.19.so
b68d0000-b68d1000 r--p 0000a000 08:01 1724845    /lib/i386-linux-gnu/libnss_files-2.19.so
b68d1000-b68d2000 rw-p 0000b000 08:01 1724845    /lib/i386-linux-gnu/libnss_files-2.19.so
b68d2000-b68dc000 r-xp 00000000 08:01 1724831    /lib/i386-linux-gnu/libnss_nis-2.19.so
b68dc000-b68dd000 r--p 00009000 08:01 1724831    /lib/i386-linux-gnu/libnss_nis-2.19.so
b68dd000-b68de000 rw-p 0000a000 08:01 1724831    /lib/i386-linux-gnu/libnss_nis-2.19.so
b68de000-b68f3000 r-xp 00000000 08:01 1724832    /lib/i386-linux-gnu/libnsl-2.19.so
b68f3000-b68f4000 r--p 00015000 08:01 1724832    /lib/i386-linux-gnu/libnsl-2.19.so
b68f4000-b68f5000 rw-p 00016000 08:01 1724832    /lib/i386-linux-gnu/libnsl-2.19.so
b68f5000-b68f7000 rw-p 00000000 00:00 0 
b68f7000-b68fe000 r-xp 00000000 08:01 1724837    /lib/i386-linux-gnu/libnss_compat-2.19.so
b68fe000-b68ff000 r--p 00006000 08:01 1724837    /lib/i386-linux-gnu/libnss_compat-2.19.so
b68ff000-b6900000 rw-p 00007000 08:01 1724837    /lib/i386-linux-gnu/libnss_compat-2.19.so
b6900000-b6921000 rw-p 00000000 00:00 0 
b6921000-b6a00000 ---p 00000000 00:00 0 
b6a11000-b6a19000 rw-s 00000000 08:01 395160     /tmp/hsperfdata_root/9109
b6a19000-b6a3d000 r-xp 00000000 08:01 673739     /usr/lib/jvm/java-8-oracle/jre/lib/i386/libjava.so
b6a3d000-b6a3e000 rw-p 00023000 08:01 673739     /usr/lib/jvm/java-8-oracle/jre/lib/i386/libjava.so
b6a3e000-b6a45000 r-xp 00000000 08:01 1724846    /lib/i386-linux-gnu/librt-2.19.so
b6a45000-b6a46000 r--p 00006000 08:01 1724846    /lib/i386-linux-gnu/librt-2.19.so
b6a46000-b6a47000 rw-p 00007000 08:01 1724846    /lib/i386-linux-gnu/librt-2.19.so
b6a47000-b6a4a000 ---p 00000000 00:00 0 
b6a4a000-b6a98000 rw-p 00000000 00:00 0          [stack:9155]
b6a98000-b6adc000 r-xp 00000000 08:01 1724836    /lib/i386-linux-gnu/libm-2.19.so
b6adc000-b6add000 r--p 00043000 08:01 1724836    /lib/i386-linux-gnu/libm-2.19.so
b6add000-b6ade000 rw-p 00044000 08:01 1724836    /lib/i386-linux-gnu/libm-2.19.so
b6ade000-b7123000 r-xp 00000000 08:01 673742     /usr/lib/jvm/java-8-oracle/jre/lib/i386/client/libjvm.so
b7123000-b7148000 rw-p 00644000 08:01 673742     /usr/lib/jvm/java-8-oracle/jre/lib/i386/client/libjvm.so
b7148000-b756c000 rw-p 00000000 00:00 0 
b756c000-b7714000 r-xp 00000000 08:01 1724013    /lib/i386-linux-gnu/libc-2.19.so
b7714000-b7716000 r--p 001a8000 08:01 1724013    /lib/i386-linux-gnu/libc-2.19.so
b7716000-b7717000 rw-p 001aa000 08:01 1724013    /lib/i386-linux-gnu/libc-2.19.so
b7717000-b771a000 rw-p 00000000 00:00 0 
b771a000-b771d000 r-xp 00000000 08:01 1724038    /lib/i386-linux-gnu/libdl-2.19.so
b771d000-b771e000 r--p 00002000 08:01 1724038    /lib/i386-linux-gnu/libdl-2.19.so
b771e000-b771f000 rw-p 00003000 08:01 1724038    /lib/i386-linux-gnu/libdl-2.19.so
b771f000-b7720000 rw-p 00000000 00:00 0 
b7720000-b7734000 r-xp 00000000 08:01 673770     /usr/lib/jvm/java-8-oracle/jre/lib/i386/jli/libjli.so
b7734000-b7735000 rw-p 00014000 08:01 673770     /usr/lib/jvm/java-8-oracle/jre/lib/i386/jli/libjli.so
b7735000-b774d000 r-xp 00000000 08:01 1724841    /lib/i386-linux-gnu/libpthread-2.19.so
b774d000-b774e000 r--p 00018000 08:01 1724841    /lib/i386-linux-gnu/libpthread-2.19.so
b774e000-b774f000 rw-p 00019000 08:01 1724841    /lib/i386-linux-gnu/libpthread-2.19.so
b774f000-b7751000 rw-p 00000000 00:00 0 
b7754000-b7758000 rw-p 00000000 00:00 0 
b7758000-b7759000 r--p 00000000 00:00 0 
b7759000-b7764000 r-xp 00000000 08:01 673753     /usr/lib/jvm/java-8-oracle/jre/lib/i386/libverify.so
b7764000-b7765000 rw-p 0000b000 08:01 673753     /usr/lib/jvm/java-8-oracle/jre/lib/i386/libverify.so
b7765000-b7767000 rw-p 00000000 00:00 0 
b7767000-b7768000 r-xp 00000000 00:00 0          [vdso]
b7768000-b776a000 r--p 00000000 00:00 0          [vvar]
b776a000-b778a000 r-xp 00000000 08:01 1724830    /lib/i386-linux-gnu/ld-2.19.so
b778a000-b778b000 r--p 0001f000 08:01 1724830    /lib/i386-linux-gnu/ld-2.19.so
b778b000-b778c000 rw-p 00020000 08:01 1724830    /lib/i386-linux-gnu/ld-2.19.so
bfb29000-bfb2a000 rwxp 00000000 00:00 0 
bfb5c000-bfb7d000 rw-p 00000000 00:00 0          [stack]

VM Arguments:
jvm_args: -Dactivator.home=/usr/local/bin -Xms1024m -Xmx1024m -XX:MetaspaceSize=64m -XX:MaxMetaspaceSize=256m -Dhttp.nonProxyHost="localhost|127.0.0.1" 
java_command: /usr/local/bin/activator-launch-1.3.2.jar
java_class_path (initial): /usr/local/bin/activator-launch-1.3.2.jar
Launcher Type: SUN_STANDARD

Environment Variables:
PATH=/usr/local/sbin:/usr/local/bin:/usr/sbin:/usr/bin:/sbin:/bin
USERNAME=root
SHELL=/bin/bash
DISPLAY=:0

Signal Handlers:
SIGSEGV: [libjvm.so+0x5af150], sa_mask[0]=11111111011111111101111111111110, sa_flags=SA_RESTART|SA_SIGINFO
SIGBUS: [libjvm.so+0x5af150], sa_mask[0]=11111111011111111101111111111110, sa_flags=SA_RESTART|SA_SIGINFO
SIGFPE: [libjvm.so+0x48fc00], sa_mask[0]=11111111011111111101111111111110, sa_flags=SA_RESTART|SA_SIGINFO
SIGPIPE: [libjvm.so+0x48fc00], sa_mask[0]=11111111011111111101111111111110, sa_flags=SA_RESTART|SA_SIGINFO
SIGXFSZ: [libjvm.so+0x48fc00], sa_mask[0]=11111111011111111101111111111110, sa_flags=SA_RESTART|SA_SIGINFO
SIGILL: [libjvm.so+0x48fc00], sa_mask[0]=11111111011111111101111111111110, sa_flags=SA_RESTART|SA_SIGINFO
SIGUSR1: SIG_DFL, sa_mask[0]=00000000000000000000000000000000, sa_flags=none
SIGUSR2: [libjvm.so+0x491190], sa_mask[0]=00000000000000000000000000000000, sa_flags=SA_RESTART|SA_SIGINFO
SIGHUP: SIG_DFL, sa_mask[0]=00000000000000000000000000000000, sa_flags=none
SIGINT: SIG_DFL, sa_mask[0]=00000000000000000000000000000000, sa_flags=none
SIGTERM: SIG_DFL, sa_mask[0]=00000000000000000000000000000000, sa_flags=none
SIGQUIT: SIG_DFL, sa_mask[0]=00000000000000000000000000000000, sa_flags=none


---------------  S Y S T E M  ---------------

OS:DISTRIB_ID=Ubuntu
DISTRIB_RELEASE=14.04
DISTRIB_CODENAME=trusty
DISTRIB_DESCRIPTION="Ubuntu 14.04.2 LTS"

uname:Linux 3.16.0-34-generic #47~14.04.1-Ubuntu SMP Fri Apr 10 17:49:51 UTC 2015 i686
libc:glibc 2.19 NPTL 2.19 
rlimit: STACK 8192k, CORE 0k, NPROC 15937, NOFILE 4096, AS infinity
load average:0.20 0.12 0.18

/proc/meminfo:
MemTotal:        2059528 kB
MemFree:          141928 kB
MemAvailable:     220264 kB
Buffers:           12056 kB
Cached:           471204 kB
SwapCached:            0 kB
Active:          1476536 kB
Inactive:         369940 kB
Active(anon):    1364652 kB
Inactive(anon):   271136 kB
Active(file):     111884 kB
Inactive(file):    98804 kB
Unevictable:          48 kB
Mlocked:              48 kB
HighTotal:       1179336 kB
HighFree:          34968 kB
LowTotal:         880192 kB
LowFree:          106960 kB
SwapTotal:             0 kB
SwapFree:              0 kB
Dirty:               280 kB
Writeback:             0 kB
AnonPages:       1363292 kB
Mapped:           127692 kB
Shmem:            272596 kB
Slab:              32124 kB
SReclaimable:      14880 kB
SUnreclaim:        17244 kB
KernelStack:        3720 kB
PageTables:        14024 kB
NFS_Unstable:          0 kB
Bounce:                0 kB
WritebackTmp:          0 kB
CommitLimit:     1029764 kB
Committed_AS:    5205056 kB
VmallocTotal:     122880 kB
VmallocUsed:       17064 kB
VmallocChunk:      93000 kB
AnonHugePages:    800768 kB
HugePages_Total:       0
HugePages_Free:        0
HugePages_Rsvd:        0
HugePages_Surp:        0
Hugepagesize:       2048 kB
DirectMap4k:       26616 kB
DirectMap2M:      882688 kB


CPU:total 1 (1 cores per cpu, 1 threads per core) family 6 model 22 stepping 1, cmov, cx8, fxsr, mmx, sse, sse2, sse3, ssse3, tsc

/proc/cpuinfo:
processor	: 0
vendor_id	: GenuineIntel
cpu family	: 6
model		: 22
model name	: Intel(R) Celeron(R) CPU          560  @ 2.13GHz
stepping	: 1
microcode	: 0x33
cpu MHz		: 2127.928
cache size	: 1024 KB
physical id	: 0
siblings	: 1
core id		: 0
cpu cores	: 1
apicid		: 0
initial apicid	: 0
fdiv_bug	: no
f00f_bug	: no
coma_bug	: no
fpu		: yes
fpu_exception	: yes
cpuid level	: 10
wp		: yes
flags		: fpu vme de pse tsc msr pae mce cx8 apic sep mtrr pge mca cmov pat pse36 clflush dts acpi mmx fxsr sse sse2 ss tm pbe nx lm constant_tsc arch_perfmon pebs bts aperfmperf pni dtes64 monitor ds_cpl tm2 ssse3 cx16 xtpr pdcm lahf_lm dtherm
bogomips	: 4255.85
clflush size	: 64
cache_alignment	: 64
address sizes	: 36 bits physical, 48 bits virtual
power management:



Memory: 4k page, physical 2059528k(141928k free), swap 0k(0k free)

vm_info: Java HotSpot(TM) Client VM (25.45-b02) for linux-x86 JRE (1.8.0_45-b14), built on Apr 10 2015 10:42:51 by "java_re" with gcc 4.3.0 20080428 (Red Hat 4.3.0-8)

time: Sun Apr 19 01:17:02 2015
elapsed time: 0 seconds (0d 0h 0m 0s)

